[2020-07-17T13:25:18.020] [DEBUG] cheese - login => username:zs,password:123456
[2020-07-17T13:25:18.036] [DEBUG] cheese - zs
[2020-07-17T13:25:18.286] [DEBUG] cheese - null
[2020-07-17T13:25:18.309] [DEBUG] cheese - null
[2020-07-17T13:27:16.336] [DEBUG] cheese - login => username:admin,password:123456
[2020-07-17T13:27:16.336] [DEBUG] cheese - admin
[2020-07-17T13:27:16.348] [DEBUG] cheese - null
[2020-07-17T13:27:16.374] [DEBUG] cheese - null
[2020-07-18T10:44:33.364] [DEBUG] cheese - login => username:admin,password:1234
[2020-07-18T10:44:33.378] [DEBUG] cheese - admin
[2020-07-18T10:44:34.200] [DEBUG] cheese - null
[2020-07-18T10:44:34.201] [DEBUG] cheese - null
[2020-07-18T10:45:45.375] [DEBUG] cheese - login => username:zss,password:123456
[2020-07-18T10:45:45.375] [DEBUG] cheese - zss
[2020-07-18T10:45:45.404] [DEBUG] cheese - null
[2020-07-18T10:45:45.405] [DEBUG] cheese - null
[2020-07-18T10:46:22.434] [DEBUG] cheese - login => username:admin,password:123456
[2020-07-18T10:46:22.435] [DEBUG] cheese - admin
[2020-07-18T10:46:22.439] [DEBUG] cheese - null
[2020-07-18T10:46:22.439] [DEBUG] cheese - null
[2020-07-18T10:48:54.133] [DEBUG] cheese - login => username:admin,password:1234
[2020-07-18T10:48:54.133] [DEBUG] cheese - admin
[2020-07-18T10:48:54.136] [DEBUG] cheese - null
[2020-07-18T10:48:54.136] [DEBUG] cheese - null
[2020-07-18T10:49:02.856] [DEBUG] cheese - login => username:admin,password:123456
[2020-07-18T10:49:02.856] [DEBUG] cheese - admin
[2020-07-18T10:49:02.859] [DEBUG] cheese - null
[2020-07-18T10:49:02.859] [DEBUG] cheese - null
[2020-07-18T10:55:57.824] [DEBUG] cheese - login => username:admin,password:123456
[2020-07-18T10:55:57.825] [DEBUG] cheese - admin
[2020-07-18T10:55:57.829] [DEBUG] cheese - null
[2020-07-18T10:55:57.829] [DEBUG] cheese - null
[2020-07-18T10:56:01.768] [DEBUG] cheese - login => username:admin,password:12345678
[2020-07-18T10:56:01.769] [DEBUG] cheese - admin
[2020-07-18T10:56:01.778] [DEBUG] cheese - null
[2020-07-18T10:56:01.778] [DEBUG] cheese - null
[2020-07-18T11:03:59.303] [DEBUG] cheese - login => username:admin,password:1234
[2020-07-18T11:03:59.303] [DEBUG] cheese - admin
[2020-07-18T11:03:59.306] [DEBUG] cheese - null
[2020-07-18T11:03:59.306] [DEBUG] cheese - null
[2020-07-18T11:04:04.339] [DEBUG] cheese - login => username:admin,password:123456
[2020-07-18T11:04:04.339] [DEBUG] cheese - admin
[2020-07-18T11:04:04.344] [DEBUG] cheese - null
[2020-07-18T11:04:04.344] [DEBUG] cheese - null
[2020-07-18T11:04:17.519] [DEBUG] cheese - login => username:admin,password:123456
[2020-07-18T11:04:17.519] [DEBUG] cheese - admin
[2020-07-18T11:04:17.522] [DEBUG] cheese - null
[2020-07-18T11:04:17.522] [DEBUG] cheese - null
[2020-07-18T11:09:35.363] [DEBUG] cheese - login => username:admin,password:123456
[2020-07-18T11:09:35.485] [DEBUG] cheese - admin
[2020-07-18T11:09:37.146] [DEBUG] cheese - null
[2020-07-18T11:09:37.146] [DEBUG] cheese - null
[2020-07-18T11:31:34.715] [DEBUG] cheese - login => username:admin,password:123456
[2020-07-18T11:31:34.721] [DEBUG] cheese - admin
[2020-07-18T11:31:34.804] [DEBUG] cheese - null
[2020-07-18T11:31:34.804] [DEBUG] cheese - null
[2020-07-18T11:31:53.720] [DEBUG] cheese - login => username:admin,password:123456
[2020-07-18T11:31:53.720] [DEBUG] cheese - admin
[2020-07-18T11:31:53.884] [DEBUG] cheese - null
[2020-07-18T11:31:53.884] [DEBUG] cheese - null
[2020-07-18T11:41:44.033] [DEBUG] cheese - login => username:admin,password:123456
[2020-07-18T11:41:44.033] [DEBUG] cheese - admin
[2020-07-18T11:41:44.084] [DEBUG] cheese - null
[2020-07-18T11:41:44.106] [DEBUG] cheese - null
[2020-07-18T13:24:21.841] [DEBUG] cheese - login => username:admin,password:123456
[2020-07-18T13:24:21.851] [DEBUG] cheese - admin
[2020-07-18T13:24:22.764] [DEBUG] cheese - null
[2020-07-18T13:24:22.764] [DEBUG] cheese - null
[2020-07-18T14:30:37.776] [DEBUG] cheese - login => username:admin,password:123456
[2020-07-18T14:30:38.030] [DEBUG] cheese - admin
[2020-07-18T14:30:39.313] [DEBUG] cheese - null
[2020-07-18T14:30:39.313] [DEBUG] cheese - null
[2020-07-18T15:23:18.853] [DEBUG] cheese - login => username:admin,password:123456
[2020-07-18T15:23:19.120] [DEBUG] cheese - admin
[2020-07-18T15:23:19.409] [DEBUG] cheese - null
[2020-07-18T15:23:19.409] [DEBUG] cheese - null
[2020-07-18T15:28:08.436] [DEBUG] cheese - login => username:admin,password:123456
[2020-07-18T15:28:08.436] [DEBUG] cheese - admin
[2020-07-18T15:28:08.501] [DEBUG] cheese - null
[2020-07-18T15:28:08.529] [DEBUG] cheese - null
[2020-07-18T16:04:25.796] [DEBUG] cheese - login => username:admin,password:123456
[2020-07-18T16:04:25.819] [DEBUG] cheese - admin
[2020-07-18T16:04:27.073] [DEBUG] cheese - null
[2020-07-18T16:04:27.120] [DEBUG] cheese - null
[2020-07-18T16:06:21.377] [DEBUG] cheese - login => username:admin,password:123456
[2020-07-18T16:06:21.377] [DEBUG] cheese - admin
[2020-07-18T16:06:21.398] [DEBUG] cheese - null
[2020-07-18T16:06:21.398] [DEBUG] cheese - null
[2020-07-18T16:07:32.390] [DEBUG] cheese - login => username:admin,password:123456
[2020-07-18T16:07:32.391] [DEBUG] cheese - admin
[2020-07-18T16:07:32.634] [DEBUG] cheese - null
[2020-07-18T16:07:32.634] [DEBUG] cheese - null
[2020-07-18T16:54:21.334] [DEBUG] cheese - login => username:admin,password:123456
[2020-07-18T16:54:21.688] [DEBUG] cheese - admin
[2020-07-18T16:54:22.817] [DEBUG] cheese - null
[2020-07-18T16:54:22.818] [DEBUG] cheese - null
[2020-07-18T16:56:14.189] [DEBUG] cheese - login => username:admin,password:123456
[2020-07-18T16:56:14.189] [DEBUG] cheese - admin
[2020-07-18T16:56:14.462] [DEBUG] cheese - null
[2020-07-18T16:56:14.462] [DEBUG] cheese - null
[2020-07-18T17:18:35.372] [DEBUG] cheese - login => username:admin,password:123456
[2020-07-18T17:18:35.376] [DEBUG] cheese - admin
[2020-07-18T17:18:35.463] [DEBUG] cheese - null
[2020-07-18T17:18:35.463] [DEBUG] cheese - null
[2020-07-18T18:18:39.371] [DEBUG] cheese - login => username:admin,password:123456
[2020-07-18T18:18:39.426] [DEBUG] cheese - admin
[2020-07-18T18:18:39.641] [DEBUG] cheese - null
[2020-07-18T18:18:39.641] [DEBUG] cheese - null
[2020-07-18T18:45:53.365] [DEBUG] cheese - login => username:admin,password:123456
[2020-07-18T18:45:53.445] [DEBUG] cheese - admin
[2020-07-18T18:45:53.543] [DEBUG] cheese - null
[2020-07-18T18:45:53.543] [DEBUG] cheese - null
[2020-07-18T19:55:52.926] [DEBUG] cheese - login => username:admin,password:123456
[2020-07-18T19:55:52.929] [DEBUG] cheese - admin
[2020-07-18T19:55:54.112] [DEBUG] cheese - null
[2020-07-18T19:55:54.113] [DEBUG] cheese - null
[2020-07-19T13:52:03.949] [DEBUG] cheese - login => username:admin,password:123456
[2020-07-19T13:52:04.070] [DEBUG] cheese - admin
[2020-07-19T13:52:05.590] [DEBUG] cheese - null
[2020-07-19T13:52:05.592] [DEBUG] cheese - null
[2020-07-19T14:09:05.815] [DEBUG] cheese - login => username:admin,password:123456
[2020-07-19T14:09:05.853] [DEBUG] cheese - admin
[2020-07-19T14:09:05.973] [DEBUG] cheese - null
[2020-07-19T14:09:05.975] [DEBUG] cheese - null
[2020-07-19T14:49:59.103] [DEBUG] cheese - login => username:admin,password:123456
[2020-07-19T14:49:59.105] [DEBUG] cheese - admin
[2020-07-19T14:49:59.463] [DEBUG] cheese - null
[2020-07-19T14:49:59.463] [DEBUG] cheese - null
[2020-07-19T16:31:48.581] [DEBUG] cheese - null
[2020-07-19T16:37:35.624] [DEBUG] cheese - login => username:admin,password:123456
[2020-07-19T16:37:35.659] [DEBUG] cheese - admin
[2020-07-19T16:37:35.846] [DEBUG] cheese - null
[2020-07-19T16:37:35.846] [DEBUG] cheese - null
[2020-07-19T16:37:50.011] [DEBUG] cheese - null
[2020-07-19T16:39:17.977] [DEBUG] cheese - null
[2020-07-19T16:50:59.215] [DEBUG] cheese - null
[2020-07-19T17:40:28.312] [DEBUG] cheese - login => username:admin,password:123456
[2020-07-19T17:40:28.329] [DEBUG] cheese - admin
[2020-07-19T17:40:34.203] [DEBUG] cheese - login => username:admin,password:123456
[2020-07-19T17:40:34.203] [DEBUG] cheese - admin
[2020-07-19T17:40:36.073] [DEBUG] cheese - null
[2020-07-19T17:40:36.074] [DEBUG] cheese - null
[2020-07-19T17:40:36.632] [DEBUG] cheese - null
[2020-07-19T17:40:36.632] [DEBUG] cheese - null
[2020-07-19T17:41:04.470] [DEBUG] cheese - null
[2020-07-19T17:42:38.704] [DEBUG] cheese - null
[2020-07-19T17:44:26.831] [DEBUG] cheese - null
[2020-07-19T19:55:31.940] [DEBUG] cheese - null
[2020-07-19T19:57:18.113] [DEBUG] cheese - null
[2020-07-19T19:57:34.529] [DEBUG] cheese - null
[2020-07-20T11:34:05.622] [DEBUG] cheese - login => username:admin,password:123456
[2020-07-20T11:34:05.638] [DEBUG] cheese - admin
[2020-07-20T11:34:06.120] [DEBUG] cheese - null
[2020-07-20T11:34:06.121] [DEBUG] cheese - null
[2020-07-21T12:13:52.354] [DEBUG] cheese - login => username:admin,password:123456
[2020-07-21T12:13:52.383] [DEBUG] cheese - admin
[2020-07-21T12:13:55.314] [DEBUG] cheese - null
[2020-07-21T12:13:55.315] [DEBUG] cheese - null
[2020-07-21T23:42:38.338] [DEBUG] cheese - null
[2020-07-22T14:56:09.630] [DEBUG] cheese - login => username:admin,password:123456
[2020-07-22T14:56:09.635] [DEBUG] cheese - admin
[2020-07-22T14:56:11.799] [DEBUG] cheese - null
[2020-07-22T14:56:11.799] [DEBUG] cheese - null
[2020-08-15T11:17:42.200] [DEBUG] cheese - login => username:admin,password:123456
[2020-08-15T11:17:42.231] [DEBUG] cheese - admin
[2020-08-15T11:17:44.813] [DEBUG] cheese - null
[2020-08-15T11:17:44.815] [DEBUG] cheese - null
